{"name": "test_dynamic_properties", "status": "failed", "statusDetails": {"message": "AssertionError: assert 'rgba(220, 53, 69, 1)' != 'rgba(220, 53, 69, 1)'", "trace": "self = <tests.test_elements.TestElements.TestDynamicPropertiesPage object at 0x00000213A34200D0>, driver = <selenium.webdriver.chrome.webdriver.WebDriver (session=\"193008f493023959e068657b9532ee1f\")>\n\n    def test_dynamic_properties(self,driver):\n        dynamic_properties_page = DynamicPropertiesPage(driver,'https://demoqa.com/dynamic-properties')\n        dynamic_properties_page.open()\n        color_before, color_after= dynamic_properties_page.check_changed_color()\n>       assert color_before != color_after\nE       AssertionError: assert 'rgba(220, 53, 69, 1)' != 'rgba(220, 53, 69, 1)'\n\ntest_elements.py:209: AssertionError"}, "attachments": [{"name": "log", "source": "07dba843-b528-4628-a761-711d5326dbe5-attachment.txt", "type": "text/plain"}], "start": 1718811396760, "stop": 1718811413415, "uuid": "38f21e8c-2033-4779-85b5-5b6931d6b955", "historyId": "8df2f3b097589e8ac668a8d8117b38f3", "testCaseId": "8df2f3b097589e8ac668a8d8117b38f3", "fullName": "test_elements.TestDynamicPropertiesPage#test_dynamic_properties", "labels": [{"name": "suite", "value": "test_elements"}, {"name": "subSuite", "value": "TestElements"}, {"name": "host", "value": "LAPTOP-NIP335DE"}, {"name": "thread", "value": "6012-MainThread"}, {"name": "framework", "value": "pytest"}, {"name": "language", "value": "cpython3"}, {"name": "package", "value": "test_elements"}]}